Build started 7/26/2022 3:11:51 PM.
     1>Project "D:\OneDrive\Desktop\Nhap mon lap trinh\Mang2Chieu\Mang2Chieu\Mang2Chieu\Mang2Chieu.vcxproj" on node 2 (Build target(s)).
     1>ClCompile:
         D:\Visual Studio 2013\VC\bin\CL.exe /c /ZI /nologo /W3 /WX- /Od /Oy- /D WIN32 /D _DEBUG /D _CONSOLE /D _LIB /D _UNICODE /D UNICODE /Gm /EHsc /RTC1 /MDd /GS /fp:precise /Zc:wchar_t /Zc:forScope /Fo"Debug\\" /Fd"Debug\vc120.pdb" /Gd /TP /analyze- /errorReport:prompt Mang2Chieu.cpp
         Mang2Chieu.cpp
     1>d:\onedrive\desktop\nhap mon lap trinh\mang2chieu\mang2chieu\mang2chieu\mang2chieu.cpp(6): warning C4996: 'scanf': This function or variable may be unsafe. Consider using scanf_s instead. To disable deprecation, use _CRT_SECURE_NO_WARNINGS. See online help for details.
                 d:\visual studio 2013\vc\include\stdio.h(282) : see declaration of 'scanf'
     1>d:\onedrive\desktop\nhap mon lap trinh\mang2chieu\mang2chieu\mang2chieu\mang2chieu.cpp(7): warning C4996: 'scanf': This function or variable may be unsafe. Consider using scanf_s instead. To disable deprecation, use _CRT_SECURE_NO_WARNINGS. See online help for details.
                 d:\visual studio 2013\vc\include\stdio.h(282) : see declaration of 'scanf'
     1>d:\onedrive\desktop\nhap mon lap trinh\mang2chieu\mang2chieu\mang2chieu\mang2chieu.cpp(12): warning C4996: 'scanf': This function or variable may be unsafe. Consider using scanf_s instead. To disable deprecation, use _CRT_SECURE_NO_WARNINGS. See online help for details.
                 d:\visual studio 2013\vc\include\stdio.h(282) : see declaration of 'scanf'
     1>d:\onedrive\desktop\nhap mon lap trinh\mang2chieu\mang2chieu\mang2chieu\mang2chieu.cpp(57): warning C4996: 'getch': The POSIX name for this item is deprecated. Instead, use the ISO C++ conformant name: _getch. See online help for details.
                 d:\visual studio 2013\vc\include\conio.h(131) : see declaration of 'getch'
     1>d:\onedrive\desktop\nhap mon lap trinh\mang2chieu\mang2chieu\mang2chieu\mang2chieu.cpp(52): warning C4101: 'x' : unreferenced local variable
       Link:
         D:\Visual Studio 2013\VC\bin\link.exe /ERRORREPORT:PROMPT /OUT:"D:\OneDrive\Desktop\Nhap mon lap trinh\Mang2Chieu\Mang2Chieu\Debug\Mang2Chieu.exe" /INCREMENTAL /NOLOGO kernel32.lib user32.lib gdi32.lib winspool.lib comdlg32.lib advapi32.lib shell32.lib ole32.lib oleaut32.lib uuid.lib odbc32.lib odbccp32.lib /MANIFEST /MANIFESTUAC:"level='asInvoker' uiAccess='false'" /manifest:embed /DEBUG /PDB:"D:\OneDrive\Desktop\Nhap mon lap trinh\Mang2Chieu\Mang2Chieu\Debug\Mang2Chieu.pdb" /SUBSYSTEM:CONSOLE /TLBID:1 /DYNAMICBASE /NXCOMPAT /IMPLIB:"D:\OneDrive\Desktop\Nhap mon lap trinh\Mang2Chieu\Mang2Chieu\Debug\Mang2Chieu.lib" /MACHINE:X86 Debug\Mang2Chieu.obj
         Mang2Chieu.vcxproj -> D:\OneDrive\Desktop\Nhap mon lap trinh\Mang2Chieu\Mang2Chieu\Debug\Mang2Chieu.exe
     1>Done Building Project "D:\OneDrive\Desktop\Nhap mon lap trinh\Mang2Chieu\Mang2Chieu\Mang2Chieu\Mang2Chieu.vcxproj" (Build target(s)).

Build succeeded.

Time Elapsed 00:00:00.48
